<?xml version="1.0" encoding="UTF-8"?>
<!-- Generated by org.testng.reporters.JUnitXMLReporter -->
<testsuite ignored="0" hostname="DESKTOP-9P43CVK" failures="1" tests="8" name="Test" time="17.692" errors="0" timestamp="2021-03-24T13:30:08 CDT">
  <testcase classname="FlyTicket.FirstTestCase" name="FailureTest" time="0.004">
    <failure type="java.lang.AssertionError" message="expected [true] but found [false]">
      <![CDATA[java.lang.AssertionError: expected [true] but found [false]
at FlyTicket.FirstTestCase.FailureTest(FirstTestCase.java:118)
at java.base/java.util.ArrayList.forEach(ArrayList.java:1511)
... Removed 31 stack frames]]>
    </failure>
  </testcase> <!-- FailureTest -->
  <testcase classname="FlyTicket.FirstTestCase" name="SearchButtonTest" time="0.082"/>
  <testcase classname="FlyTicket.FirstTestCase" name="RoundTripTest" time="0.085"/>
  <testcase classname="FlyTicket.FirstTestCase" name="DepartureTest" time="2.127"/>
  <testcase classname="FlyTicket.FirstTestCase" name="ArrivalTest" time="0.103"/>
  <testcase classname="FlyTicket.FirstTestCase" name="CalenderTest" time="0.474"/>
  <testcase classname="FlyTicket.FirstTestCase" name="PessengersTest" time="1.084"/>
  <testcase classname="FlyTicket.FirstTestCase" name="CurrencyTest" time="0.08"/>
</testsuite> <!-- Test -->
