<?xml version="1.0" encoding="UTF-8"?>
<testng-results ignored="0" total="8" passed="7" failed="1" skipped="0">
  <reporter-output>
  </reporter-output>
  <suite started-at="2021-03-24T13:32:56 CDT" name="Default suite" finished-at="2021-03-24T13:33:13 CDT" duration-ms="17419">
    <groups>
      <group name="Smoke">
        <method signature="FirstTestCase.SearchButtonTest()[pri:0, instance:FlyTicket.FirstTestCase@63b1d4fa]" name="SearchButtonTest" class="FlyTicket.FirstTestCase"/>
      </group> <!-- Smoke -->
    </groups>
    <test started-at="2021-03-24T13:32:56 CDT" name="Default test" finished-at="2021-03-24T13:33:13 CDT" duration-ms="17419">
      <class name="FlyTicket.FirstTestCase">
        <test-method is-config="true" signature="initialize()[pri:0, instance:FlyTicket.FirstTestCase@63b1d4fa]" started-at="2021-03-24T13:32:56 CDT" name="initialize" finished-at="2021-03-24T13:33:05 CDT" duration-ms="9196" status="PASS">
          <reporter-output>
          </reporter-output>
        </test-method> <!-- initialize -->
        <test-method signature="FailureTest()[pri:0, instance:FlyTicket.FirstTestCase@63b1d4fa]" started-at="2021-03-24T13:33:05 CDT" name="FailureTest" finished-at="2021-03-24T13:33:05 CDT" duration-ms="5" status="FAIL">
          <exception class="java.lang.AssertionError">
            <message>
              <![CDATA[expected [true] but found [false]]]>
            </message>
            <full-stacktrace>
              <![CDATA[java.lang.AssertionError: expected [true] but found [false]
at org.testng.Assert.fail(Assert.java:99)
at org.testng.Assert.failNotEquals(Assert.java:1037)
at org.testng.Assert.assertTrue(Assert.java:45)
at org.testng.Assert.assertTrue(Assert.java:55)
at FlyTicket.FirstTestCase.FailureTest(FirstTestCase.java:115)
at java.base/jdk.internal.reflect.NativeMethodAccessorImpl.invoke0(Native Method)
at java.base/jdk.internal.reflect.NativeMethodAccessorImpl.invoke(NativeMethodAccessorImpl.java:62)
at java.base/jdk.internal.reflect.DelegatingMethodAccessorImpl.invoke(DelegatingMethodAccessorImpl.java:43)
at java.base/java.lang.reflect.Method.invoke(Method.java:564)
at org.testng.internal.MethodInvocationHelper.invokeMethod(MethodInvocationHelper.java:132)
at org.testng.internal.TestInvoker.invokeMethod(TestInvoker.java:599)
at org.testng.internal.TestInvoker.invokeTestMethod(TestInvoker.java:174)
at org.testng.internal.MethodRunner.runInSequence(MethodRunner.java:46)
at org.testng.internal.TestInvoker$MethodInvocationAgent.invoke(TestInvoker.java:822)
at org.testng.internal.TestInvoker.invokeTestMethods(TestInvoker.java:147)
at org.testng.internal.TestMethodWorker.invokeTestMethods(TestMethodWorker.java:146)
at org.testng.internal.TestMethodWorker.run(TestMethodWorker.java:128)
at java.base/java.util.ArrayList.forEach(ArrayList.java:1511)
at org.testng.TestRunner.privateRun(TestRunner.java:764)
at org.testng.TestRunner.run(TestRunner.java:585)
at org.testng.SuiteRunner.runTest(SuiteRunner.java:384)
at org.testng.SuiteRunner.runSequentially(SuiteRunner.java:378)
at org.testng.SuiteRunner.privateRun(SuiteRunner.java:337)
at org.testng.SuiteRunner.run(SuiteRunner.java:286)
at org.testng.SuiteRunnerWorker.runSuite(SuiteRunnerWorker.java:53)
at org.testng.SuiteRunnerWorker.run(SuiteRunnerWorker.java:96)
at org.testng.TestNG.runSuitesSequentially(TestNG.java:1218)
at org.testng.TestNG.runSuitesLocally(TestNG.java:1140)
at org.testng.TestNG.runSuites(TestNG.java:1069)
at org.testng.TestNG.run(TestNG.java:1037)
at org.testng.remote.AbstractRemoteTestNG.run(AbstractRemoteTestNG.java:115)
at org.testng.remote.RemoteTestNG.initAndRun(RemoteTestNG.java:251)
at org.testng.remote.RemoteTestNG.main(RemoteTestNG.java:77)
]]>
            </full-stacktrace>
          </exception> <!-- java.lang.AssertionError -->
          <reporter-output>
          </reporter-output>
        </test-method> <!-- FailureTest -->
        <test-method signature="SearchButtonTest()[pri:0, instance:FlyTicket.FirstTestCase@63b1d4fa]" started-at="2021-03-24T13:33:05 CDT" name="SearchButtonTest" finished-at="2021-03-24T13:33:05 CDT" duration-ms="90" status="PASS">
          <reporter-output>
          </reporter-output>
        </test-method> <!-- SearchButtonTest -->
        <test-method signature="RoundTripTest()[pri:1, instance:FlyTicket.FirstTestCase@63b1d4fa]" started-at="2021-03-24T13:33:05 CDT" name="RoundTripTest" finished-at="2021-03-24T13:33:05 CDT" duration-ms="70" status="PASS">
          <reporter-output>
          </reporter-output>
        </test-method> <!-- RoundTripTest -->
        <test-method signature="DepartureTest()[pri:0, instance:FlyTicket.FirstTestCase@63b1d4fa]" started-at="2021-03-24T13:33:05 CDT" name="DepartureTest" finished-at="2021-03-24T13:33:07 CDT" depends-on-methods="FlyTicket.FirstTestCase.RoundTripTest" duration-ms="2132" status="PASS">
          <reporter-output>
          </reporter-output>
        </test-method> <!-- DepartureTest -->
        <test-method signature="ArrivalTest()[pri:2, instance:FlyTicket.FirstTestCase@63b1d4fa]" started-at="2021-03-24T13:33:07 CDT" name="ArrivalTest" finished-at="2021-03-24T13:33:07 CDT" duration-ms="101" status="PASS">
          <reporter-output>
          </reporter-output>
        </test-method> <!-- ArrivalTest -->
        <test-method signature="CalenderTest()[pri:3, instance:FlyTicket.FirstTestCase@63b1d4fa]" started-at="2021-03-24T13:33:07 CDT" name="CalenderTest" finished-at="2021-03-24T13:33:08 CDT" duration-ms="468" status="PASS">
          <reporter-output>
          </reporter-output>
        </test-method> <!-- CalenderTest -->
        <test-method signature="PessengersTest()[pri:4, instance:FlyTicket.FirstTestCase@63b1d4fa]" started-at="2021-03-24T13:33:08 CDT" name="PessengersTest" finished-at="2021-03-24T13:33:09 CDT" duration-ms="1082" status="PASS">
          <reporter-output>
          </reporter-output>
        </test-method> <!-- PessengersTest -->
        <test-method signature="CurrencyTest()[pri:5, instance:FlyTicket.FirstTestCase@63b1d4fa]" started-at="2021-03-24T13:33:09 CDT" name="CurrencyTest" finished-at="2021-03-24T13:33:09 CDT" duration-ms="79" status="PASS">
          <reporter-output>
          </reporter-output>
        </test-method> <!-- CurrencyTest -->
        <test-method is-config="true" signature="tearDown()[pri:0, instance:FlyTicket.FirstTestCase@63b1d4fa]" started-at="2021-03-24T13:33:09 CDT" name="tearDown" finished-at="2021-03-24T13:33:13 CDT" duration-ms="4170" status="PASS">
          <reporter-output>
          </reporter-output>
        </test-method> <!-- tearDown -->
      </class> <!-- FlyTicket.FirstTestCase -->
    </test> <!-- Default test -->
  </suite> <!-- Default suite -->
</testng-results>
